objc[1492]: Class AXEmojiUtilities is implemented in both /Applications/Xcode.app/Contents/Developer/Platforms/iPhoneSimulator.platform/Developer/SDKs/iPhoneSimulator7.1.sdk/System/Library/PrivateFrameworks/AccessibilityUtilities.framework/AccessibilityUtilities and /Applications/Xcode.app/Contents/Developer/Platforms/iPhoneSimulator.platform/Developer/SDKs/iPhoneSimulator7.1.sdk/usr/lib/libAXSpeechManager.dylib. One of the two will be used. Which one is undefined.
2014-06-26 22:35:22.245 IIC-App[1492:70b] Cannot find executable for CFBundle 0xa46ca30 </Applications/Xcode.app/Contents/Developer/Platforms/iPhoneSimulator.platform/Developer/SDKs/iPhoneSimulator7.1.sdk/System/Library/AccessibilityBundles/GeoServices.axbundle> (not loaded)
2014-06-26 22:35:22.253 IIC-App[1492:70b] Cannot find executable for CFBundle 0xa4922e0 </Applications/Xcode.app/Contents/Developer/Platforms/iPhoneSimulator.platform/Developer/SDKs/iPhoneSimulator7.1.sdk/System/Library/AccessibilityBundles/CertUIFramework.axbundle> (not loaded)
2014-06-26 22:35:22.324 IIC-App[1492:70b] Multi-tasking -> Device: YES, App: YES
2014-06-26 22:35:22.380 IIC-App[1492:70b] Unlimited access to network resources
2014-06-26 22:35:22.383 IIC-App[1492:70b] 

Started backup to iCloud! Please be careful.
Your application might rejected by Apple if you store too much data.
For more information please read "iOS Data Storage Guidelines"
You could find it at the following address https://developer.apple.com/icloud/documentation/data-storage/ .

2014-06-26 22:35:22.843 IIC-App[1492:70b] Resetting plugins due to page load.
2014-06-26 22:35:22.976 IIC-App[1492:70b] Finished load of: file:///Users/Wenjie/Library/Application%20Support/iPhone%20Simulator/7.1/Applications/F3408D87-EDC9-4E9F-A549-C4E3C212F14B/IIC-App.app/www/index.html
Terminating in response to SpringBoard's termination.
objc[2043]: Class AXEmojiUtilities is implemented in both /Applications/Xcode.app/Contents/Developer/Platforms/iPhoneSimulator.platform/Developer/SDKs/iPhoneSimulator7.1.sdk/System/Library/PrivateFrameworks/AccessibilityUtilities.framework/AccessibilityUtilities and /Applications/Xcode.app/Contents/Developer/Platforms/iPhoneSimulator.platform/Developer/SDKs/iPhoneSimulator7.1.sdk/usr/lib/libAXSpeechManager.dylib. One of the two will be used. Which one is undefined.
2014-06-26 23:07:44.604 IIC-App[2043:70b] Cannot find executable for CFBundle 0xa240380 </Applications/Xcode.app/Contents/Developer/Platforms/iPhoneSimulator.platform/Developer/SDKs/iPhoneSimulator7.1.sdk/System/Library/AccessibilityBundles/GeoServices.axbundle> (not loaded)
2014-06-26 23:07:44.615 IIC-App[2043:70b] Cannot find executable for CFBundle 0xa468d60 </Applications/Xcode.app/Contents/Developer/Platforms/iPhoneSimulator.platform/Developer/SDKs/iPhoneSimulator7.1.sdk/System/Library/AccessibilityBundles/CertUIFramework.axbundle> (not loaded)
2014-06-26 23:07:44.657 IIC-App[2043:70b] Multi-tasking -> Device: YES, App: YES
2014-06-26 23:07:44.672 IIC-App[2043:70b] Unlimited access to network resources
2014-06-26 23:07:44.675 IIC-App[2043:70b] 

Started backup to iCloud! Please be careful.
Your application might rejected by Apple if you store too much data.
For more information please read "iOS Data Storage Guidelines"
You could find it at the following address https://developer.apple.com/icloud/documentation/data-storage/ .

2014-06-26 23:07:44.882 IIC-App[2043:70b] Resetting plugins due to page load.
2014-06-26 23:07:44.989 IIC-App[2043:70b] Finished load of: file:///Users/Wenjie/Library/Application%20Support/iPhone%20Simulator/7.1/Applications/F3408D87-EDC9-4E9F-A549-C4E3C212F14B/IIC-App.app/www/index.html
objc[2180]: Class AXEmojiUtilities is implemented in both /Applications/Xcode.app/Contents/Developer/Platforms/iPhoneSimulator.platform/Developer/SDKs/iPhoneSimulator7.1.sdk/System/Library/PrivateFrameworks/AccessibilityUtilities.framework/AccessibilityUtilities and /Applications/Xcode.app/Contents/Developer/Platforms/iPhoneSimulator.platform/Developer/SDKs/iPhoneSimulator7.1.sdk/usr/lib/libAXSpeechManager.dylib. One of the two will be used. Which one is undefined.
2014-06-26 23:08:42.534 IIC-App[2180:70b] Cannot find executable for CFBundle 0xa551620 </Applications/Xcode.app/Contents/Developer/Platforms/iPhoneSimulator.platform/Developer/SDKs/iPhoneSimulator7.1.sdk/System/Library/AccessibilityBundles/CertUIFramework.axbundle> (not loaded)
2014-06-26 23:08:42.541 IIC-App[2180:70b] Cannot find executable for CFBundle 0xa24fbb0 </Applications/Xcode.app/Contents/Developer/Platforms/iPhoneSimulator.platform/Developer/SDKs/iPhoneSimulator7.1.sdk/System/Library/AccessibilityBundles/GeoServices.axbundle> (not loaded)
2014-06-26 23:08:42.579 IIC-App[2180:70b] Multi-tasking -> Device: YES, App: YES
2014-06-26 23:08:42.589 IIC-App[2180:70b] Unlimited access to network resources
2014-06-26 23:08:42.594 IIC-App[2180:70b] 

Started backup to iCloud! Please be careful.
Your application might rejected by Apple if you store too much data.
For more information please read "iOS Data Storage Guidelines"
You could find it at the following address https://developer.apple.com/icloud/documentation/data-storage/ .

2014-06-26 23:08:42.774 IIC-App[2180:70b] Resetting plugins due to page load.
2014-06-26 23:08:42.895 IIC-App[2180:70b] Finished load of: file:///Users/Wenjie/Library/Application%20Support/iPhone%20Simulator/7.1/Applications/5558856F-748D-4B70-9788-01452B14C314/IIC-App.app/www/index.html
objc[2363]: Class AXEmojiUtilities is implemented in both /Applications/Xcode.app/Contents/Developer/Platforms/iPhoneSimulator.platform/Developer/SDKs/iPhoneSimulator7.1.sdk/System/Library/PrivateFrameworks/AccessibilityUtilities.framework/AccessibilityUtilities and /Applications/Xcode.app/Contents/Developer/Platforms/iPhoneSimulator.platform/Developer/SDKs/iPhoneSimulator7.1.sdk/usr/lib/libAXSpeechManager.dylib. One of the two will be used. Which one is undefined.
2014-06-26 23:10:01.567 IIC-App[2363:70b] Cannot find executable for CFBundle 0xa265de0 </Applications/Xcode.app/Contents/Developer/Platforms/iPhoneSimulator.platform/Developer/SDKs/iPhoneSimulator7.1.sdk/System/Library/AccessibilityBundles/GeoServices.axbundle> (not loaded)
2014-06-26 23:10:01.575 IIC-App[2363:70b] Cannot find executable for CFBundle 0xa2825b0 </Applications/Xcode.app/Contents/Developer/Platforms/iPhoneSimulator.platform/Developer/SDKs/iPhoneSimulator7.1.sdk/System/Library/AccessibilityBundles/CertUIFramework.axbundle> (not loaded)
2014-06-26 23:10:01.613 IIC-App[2363:70b] Multi-tasking -> Device: YES, App: YES
2014-06-26 23:10:01.624 IIC-App[2363:70b] Unlimited access to network resources
2014-06-26 23:10:01.627 IIC-App[2363:70b] 

Started backup to iCloud! Please be careful.
Your application might rejected by Apple if you store too much data.
For more information please read "iOS Data Storage Guidelines"
You could find it at the following address https://developer.apple.com/icloud/documentation/data-storage/ .

2014-06-26 23:10:01.828 IIC-App[2363:70b] Resetting plugins due to page load.
2014-06-26 23:10:01.920 IIC-App[2363:70b] Finished load of: file:///Users/Wenjie/Library/Application%20Support/iPhone%20Simulator/7.1/Applications/375A5FA5-B561-4E4C-9731-A0BFDE1BAA94/IIC-App.app/www/index.html
objc[2472]: Class AXEmojiUtilities is implemented in both /Applications/Xcode.app/Contents/Developer/Platforms/iPhoneSimulator.platform/Developer/SDKs/iPhoneSimulator7.1.sdk/System/Library/PrivateFrameworks/AccessibilityUtilities.framework/AccessibilityUtilities and /Applications/Xcode.app/Contents/Developer/Platforms/iPhoneSimulator.platform/Developer/SDKs/iPhoneSimulator7.1.sdk/usr/lib/libAXSpeechManager.dylib. One of the two will be used. Which one is undefined.
2014-06-26 23:11:34.850 IIC-App[2472:70b] Cannot find executable for CFBundle 0xa393f00 </Applications/Xcode.app/Contents/Developer/Platforms/iPhoneSimulator.platform/Developer/SDKs/iPhoneSimulator7.1.sdk/System/Library/AccessibilityBundles/CertUIFramework.axbundle> (not loaded)
2014-06-26 23:11:34.860 IIC-App[2472:70b] Cannot find executable for CFBundle 0xa48f3a0 </Applications/Xcode.app/Contents/Developer/Platforms/iPhoneSimulator.platform/Developer/SDKs/iPhoneSimulator7.1.sdk/System/Library/AccessibilityBundles/GeoServices.axbundle> (not loaded)
2014-06-26 23:11:34.898 IIC-App[2472:70b] Multi-tasking -> Device: YES, App: YES
2014-06-26 23:11:34.909 IIC-App[2472:70b] Unlimited access to network resources
2014-06-26 23:11:34.912 IIC-App[2472:70b] 

Started backup to iCloud! Please be careful.
Your application might rejected by Apple if you store too much data.
For more information please read "iOS Data Storage Guidelines"
You could find it at the following address https://developer.apple.com/icloud/documentation/data-storage/ .

2014-06-26 23:11:35.107 IIC-App[2472:70b] Resetting plugins due to page load.
2014-06-26 23:11:35.192 IIC-App[2472:70b] Finished load of: file:///Users/Wenjie/Library/Application%20Support/iPhone%20Simulator/7.1/Applications/A6CC7411-8493-4C02-ACE8-05084B290D7F/IIC-App.app/www/index.html
objc[2685]: Class AXEmojiUtilities is implemented in both /Applications/Xcode.app/Contents/Developer/Platforms/iPhoneSimulator.platform/Developer/SDKs/iPhoneSimulator7.1.sdk/System/Library/PrivateFrameworks/AccessibilityUtilities.framework/AccessibilityUtilities and /Applications/Xcode.app/Contents/Developer/Platforms/iPhoneSimulator.platform/Developer/SDKs/iPhoneSimulator7.1.sdk/usr/lib/libAXSpeechManager.dylib. One of the two will be used. Which one is undefined.
2014-06-26 23:13:18.803 IIC-App[2685:70b] Cannot find executable for CFBundle 0xa2482f0 </Applications/Xcode.app/Contents/Developer/Platforms/iPhoneSimulator.platform/Developer/SDKs/iPhoneSimulator7.1.sdk/System/Library/AccessibilityBundles/GeoServices.axbundle> (not loaded)
2014-06-26 23:13:18.818 IIC-App[2685:70b] Cannot find executable for CFBundle 0xa5726f0 </Applications/Xcode.app/Contents/Developer/Platforms/iPhoneSimulator.platform/Developer/SDKs/iPhoneSimulator7.1.sdk/System/Library/AccessibilityBundles/CertUIFramework.axbundle> (not loaded)
2014-06-26 23:13:18.884 IIC-App[2685:70b] Multi-tasking -> Device: YES, App: YES
2014-06-26 23:13:18.894 IIC-App[2685:70b] Unlimited access to network resources
2014-06-26 23:13:18.899 IIC-App[2685:70b] 

Started backup to iCloud! Please be careful.
Your application might rejected by Apple if you store too much data.
For more information please read "iOS Data Storage Guidelines"
You could find it at the following address https://developer.apple.com/icloud/documentation/data-storage/ .

2014-06-26 23:13:19.014 IIC-App[2685:70b] Resetting plugins due to page load.
2014-06-26 23:13:19.081 IIC-App[2685:70b] Finished load of: file:///Users/Wenjie/Library/Application%20Support/iPhone%20Simulator/7.1/Applications/A6CC7411-8493-4C02-ACE8-05084B290D7F/IIC-App.app/www/index.html
objc[2953]: Class AXEmojiUtilities is implemented in both /Applications/Xcode.app/Contents/Developer/Platforms/iPhoneSimulator.platform/Developer/SDKs/iPhoneSimulator7.1.sdk/System/Library/PrivateFrameworks/AccessibilityUtilities.framework/AccessibilityUtilities and /Applications/Xcode.app/Contents/Developer/Platforms/iPhoneSimulator.platform/Developer/SDKs/iPhoneSimulator7.1.sdk/usr/lib/libAXSpeechManager.dylib. One of the two will be used. Which one is undefined.
2014-06-26 23:19:37.810 IIC-App[2953:70b] Cannot find executable for CFBundle 0xa4b4530 </Applications/Xcode.app/Contents/Developer/Platforms/iPhoneSimulator.platform/Developer/SDKs/iPhoneSimulator7.1.sdk/System/Library/AccessibilityBundles/CertUIFramework.axbundle> (not loaded)
2014-06-26 23:19:37.819 IIC-App[2953:70b] Cannot find executable for CFBundle 0xa4d0150 </Applications/Xcode.app/Contents/Developer/Platforms/iPhoneSimulator.platform/Developer/SDKs/iPhoneSimulator7.1.sdk/System/Library/AccessibilityBundles/GeoServices.axbundle> (not loaded)
2014-06-26 23:19:37.880 IIC-App[2953:70b] Multi-tasking -> Device: YES, App: YES
2014-06-26 23:19:37.891 IIC-App[2953:70b] Unlimited access to network resources
2014-06-26 23:19:37.894 IIC-App[2953:70b] 

Started backup to iCloud! Please be careful.
Your application might rejected by Apple if you store too much data.
For more information please read "iOS Data Storage Guidelines"
You could find it at the following address https://developer.apple.com/icloud/documentation/data-storage/ .

2014-06-26 23:19:37.999 IIC-App[2953:70b] Resetting plugins due to page load.
2014-06-26 23:19:38.053 IIC-App[2953:70b] Finished load of: file:///Users/Wenjie/Library/Application%20Support/iPhone%20Simulator/7.1/Applications/33EA6BC1-76FB-4A2E-AC92-10CC2A2D94F9/IIC-App.app/www/index.html
objc[3061]: Class AXEmojiUtilities is implemented in both /Applications/Xcode.app/Contents/Developer/Platforms/iPhoneSimulator.platform/Developer/SDKs/iPhoneSimulator7.1.sdk/System/Library/PrivateFrameworks/AccessibilityUtilities.framework/AccessibilityUtilities and /Applications/Xcode.app/Contents/Developer/Platforms/iPhoneSimulator.platform/Developer/SDKs/iPhoneSimulator7.1.sdk/usr/lib/libAXSpeechManager.dylib. One of the two will be used. Which one is undefined.
2014-06-26 23:19:54.965 IIC-App[3061:70b] Cannot find executable for CFBundle 0xa285760 </Applications/Xcode.app/Contents/Developer/Platforms/iPhoneSimulator.platform/Developer/SDKs/iPhoneSimulator7.1.sdk/System/Library/AccessibilityBundles/CertUIFramework.axbundle> (not loaded)
2014-06-26 23:19:54.972 IIC-App[3061:70b] Cannot find executable for CFBundle 0xa38f950 </Applications/Xcode.app/Contents/Developer/Platforms/iPhoneSimulator.platform/Developer/SDKs/iPhoneSimulator7.1.sdk/System/Library/AccessibilityBundles/GeoServices.axbundle> (not loaded)
2014-06-26 23:19:55.010 IIC-App[3061:70b] Multi-tasking -> Device: YES, App: YES
2014-06-26 23:19:55.021 IIC-App[3061:70b] Unlimited access to network resources
2014-06-26 23:19:55.025 IIC-App[3061:70b] 

Started backup to iCloud! Please be careful.
Your application might rejected by Apple if you store too much data.
For more information please read "iOS Data Storage Guidelines"
You could find it at the following address https://developer.apple.com/icloud/documentation/data-storage/ .

2014-06-26 23:19:55.199 IIC-App[3061:70b] Resetting plugins due to page load.
2014-06-26 23:19:55.291 IIC-App[3061:70b] Finished load of: file:///Users/Wenjie/Library/Application%20Support/iPhone%20Simulator/7.1/Applications/375F0562-09CA-474B-9B77-1118D00E821F/IIC-App.app/www/index.html
objc[3194]: Class AXEmojiUtilities is implemented in both /Applications/Xcode.app/Contents/Developer/Platforms/iPhoneSimulator.platform/Developer/SDKs/iPhoneSimulator7.1.sdk/System/Library/PrivateFrameworks/AccessibilityUtilities.framework/AccessibilityUtilities and /Applications/Xcode.app/Contents/Developer/Platforms/iPhoneSimulator.platform/Developer/SDKs/iPhoneSimulator7.1.sdk/usr/lib/libAXSpeechManager.dylib. One of the two will be used. Which one is undefined.
2014-06-26 23:22:33.536 IIC-App[3194:70b] Cannot find executable for CFBundle 0xa44d690 </Applications/Xcode.app/Contents/Developer/Platforms/iPhoneSimulator.platform/Developer/SDKs/iPhoneSimulator7.1.sdk/System/Library/AccessibilityBundles/GeoServices.axbundle> (not loaded)
2014-06-26 23:22:33.545 IIC-App[3194:70b] Cannot find executable for CFBundle 0xa335f60 </Applications/Xcode.app/Contents/Developer/Platforms/iPhoneSimulator.platform/Developer/SDKs/iPhoneSimulator7.1.sdk/System/Library/AccessibilityBundles/CertUIFramework.axbundle> (not loaded)
2014-06-26 23:22:34.039 IIC-App[3194:70b] Multi-tasking -> Device: YES, App: YES
2014-06-26 23:22:34.050 IIC-App[3194:70b] Unlimited access to network resources
2014-06-26 23:22:34.053 IIC-App[3194:70b] 

Started backup to iCloud! Please be careful.
Your application might rejected by Apple if you store too much data.
For more information please read "iOS Data Storage Guidelines"
You could find it at the following address https://developer.apple.com/icloud/documentation/data-storage/ .

2014-06-26 23:22:34.181 IIC-App[3194:70b] Resetting plugins due to page load.
2014-06-26 23:22:34.247 IIC-App[3194:70b] Finished load of: file:///Users/Wenjie/Library/Application%20Support/iPhone%20Simulator/7.1/Applications/375F0562-09CA-474B-9B77-1118D00E821F/IIC-App.app/www/index.html
objc[78718]: Class AXEmojiUtilities is implemented in both /Applications/Xcode.app/Contents/Developer/Platforms/iPhoneSimulator.platform/Developer/SDKs/iPhoneSimulator7.1.sdk/System/Library/PrivateFrameworks/AccessibilityUtilities.framework/AccessibilityUtilities and /Applications/Xcode.app/Contents/Developer/Platforms/iPhoneSimulator.platform/Developer/SDKs/iPhoneSimulator7.1.sdk/usr/lib/libAXSpeechManager.dylib. One of the two will be used. Which one is undefined.
2014-07-05 23:58:30.546 NTU IIC[78718:70b] Cannot find executable for CFBundle 0xa386290 </Applications/Xcode.app/Contents/Developer/Platforms/iPhoneSimulator.platform/Developer/SDKs/iPhoneSimulator7.1.sdk/System/Library/AccessibilityBundles/CertUIFramework.axbundle> (not loaded)
2014-07-05 23:58:30.564 NTU IIC[78718:70b] Cannot find executable for CFBundle 0xa29b0a0 </Applications/Xcode.app/Contents/Developer/Platforms/iPhoneSimulator.platform/Developer/SDKs/iPhoneSimulator7.1.sdk/System/Library/AccessibilityBundles/GeoServices.axbundle> (not loaded)
2014-07-05 23:58:30.622 NTU IIC[78718:70b] Multi-tasking -> Device: YES, App: YES
2014-07-05 23:58:30.668 NTU IIC[78718:70b] Unlimited access to network resources
2014-07-05 23:58:30.675 NTU IIC[78718:70b] 

Started backup to iCloud! Please be careful.
Your application might rejected by Apple if you store too much data.
For more information please read "iOS Data Storage Guidelines"
You could find it at the following address https://developer.apple.com/icloud/documentation/data-storage/ .

2014-07-05 23:58:31.121 NTU IIC[78718:70b] Resetting plugins due to page load.
2014-07-05 23:58:31.666 NTU IIC[78718:70b] Finished load of: file:///Users/Wenjie/Library/Application%20Support/iPhone%20Simulator/7.1/Applications/EC79E5AF-4F85-4169-BDF6-23837A210AA0/NTU%20IIC.app/www/index.html
